<?xml version="1.0" encoding="UTF-8"?>
<!-- Generated by org.testng.reporters.JUnitXMLReporter -->
<testsuite ignored="0" hostname="LAPTOP-3VHJU490" failures="0" tests="14" name="Default test" time="756.299" errors="0" timestamp="2026-05-12T18:41:18 IST">
  <testcase classname="tests.LoginTest" name="verifyBlankCredentialsValidation" time="5.364"/>
  <testcase classname="tests.LoginTest" name="verifyBlankPasswordValidation" time="2.531"/>
  <testcase classname="tests.LoginTest" name="verifyBlankUsernameValidation" time="2.68"/>
  <testcase classname="tests.LoginTest" name="verifyForgotPasswordSuccessfully" time="13.182"/>
  <testcase classname="tests.LoginTest" name="verifyInvalidCredentialsLogin" time="2.883"/>
  <testcase classname="tests.LoginTest" name="verifyInvalidPasswordLogin" time="2.654"/>
  <testcase classname="tests.LoginTest" name="verifyInvalidUsernameLogin" time="2.909"/>
  <testcase classname="tests.LoginTest" name="verifyLeadingSpacePasswordLogin" time="2.687"/>
  <testcase classname="tests.LoginTest" name="verifyLeadingSpaceUsernameLogin" time="2.64"/>
  <testcase classname="tests.LoginTest" name="verifySpecialCharacterLogin" time="60.135">
    <skipped/>
  </testcase> <!-- verifySpecialCharacterLogin -->
  <testcase classname="tests.LoginTest" name="verifySpecialCharacterLogin" time="3.841"/>
  <testcase classname="tests.LoginTest" name="verifyTrailingSpacePasswordLogin" time="2.726"/>
  <testcase classname="tests.LoginTest" name="verifyTrailingSpaceUsernameLogin" time="2.58"/>
  <testcase classname="tests.LoginTest" name="verifyValidLogin" time="4.488"/>
</testsuite> <!-- Default test -->
