<?xml version="1.0" encoding="UTF-8"?>
<testng-results retried="1" ignored="1" total="15" passed="13" failed="0" skipped="0">
  <reporter-output>
  </reporter-output>
  <suite started-at="2026-05-12T18:28:42 IST" name="Default suite" finished-at="2026-05-12T18:41:18 IST" duration-ms="756299">
    <groups>
    </groups>
    <test started-at="2026-05-12T18:28:42 IST" name="Default test" finished-at="2026-05-12T18:41:18 IST" duration-ms="756299">
      <class name="tests.LoginTest">
        <test-method is-config="true" signature="setup()[pri:0, instance:tests.LoginTest@327514f]" started-at="2026-05-12T18:28:42 IST" name="setup" finished-at="2026-05-12T18:29:23 IST" duration-ms="40768" status="PASS">
          <reporter-output>
          </reporter-output>
        </test-method> <!-- setup -->
        <test-method signature="verifyBlankCredentialsValidation()[pri:0, instance:tests.LoginTest@327514f]" started-at="2026-05-12T18:29:23 IST" name="verifyBlankCredentialsValidation" finished-at="2026-05-12T18:29:28 IST" duration-ms="5364" status="PASS">
          <reporter-output>
          </reporter-output>
        </test-method> <!-- verifyBlankCredentialsValidation -->
        <test-method is-config="true" signature="tearDown()[pri:0, instance:tests.LoginTest@327514f]" started-at="2026-05-12T18:29:28 IST" name="tearDown" finished-at="2026-05-12T18:29:29 IST" duration-ms="447" status="PASS">
          <reporter-output>
          </reporter-output>
        </test-method> <!-- tearDown -->
        <test-method is-config="true" signature="setup()[pri:0, instance:tests.LoginTest@327514f]" started-at="2026-05-12T18:29:29 IST" name="setup" finished-at="2026-05-12T18:30:10 IST" duration-ms="41371" status="PASS">
          <reporter-output>
          </reporter-output>
        </test-method> <!-- setup -->
        <test-method signature="verifyBlankPasswordValidation()[pri:0, instance:tests.LoginTest@327514f]" started-at="2026-05-12T18:30:10 IST" name="verifyBlankPasswordValidation" finished-at="2026-05-12T18:30:13 IST" duration-ms="2531" status="PASS">
          <reporter-output>
          </reporter-output>
        </test-method> <!-- verifyBlankPasswordValidation -->
        <test-method is-config="true" signature="tearDown()[pri:0, instance:tests.LoginTest@327514f]" started-at="2026-05-12T18:30:13 IST" name="tearDown" finished-at="2026-05-12T18:30:13 IST" duration-ms="389" status="PASS">
          <reporter-output>
          </reporter-output>
        </test-method> <!-- tearDown -->
        <test-method is-config="true" signature="setup()[pri:0, instance:tests.LoginTest@327514f]" started-at="2026-05-12T18:30:13 IST" name="setup" finished-at="2026-05-12T18:30:43 IST" duration-ms="30142" status="PASS">
          <reporter-output>
          </reporter-output>
        </test-method> <!-- setup -->
        <test-method signature="verifyBlankUsernameValidation()[pri:0, instance:tests.LoginTest@327514f]" started-at="2026-05-12T18:30:43 IST" name="verifyBlankUsernameValidation" finished-at="2026-05-12T18:30:46 IST" duration-ms="2680" status="PASS">
          <reporter-output>
          </reporter-output>
        </test-method> <!-- verifyBlankUsernameValidation -->
        <test-method is-config="true" signature="tearDown()[pri:0, instance:tests.LoginTest@327514f]" started-at="2026-05-12T18:30:46 IST" name="tearDown" finished-at="2026-05-12T18:30:47 IST" duration-ms="336" status="PASS">
          <reporter-output>
          </reporter-output>
        </test-method> <!-- tearDown -->
        <test-method is-config="true" signature="setup()[pri:0, instance:tests.LoginTest@327514f]" started-at="2026-05-12T18:30:47 IST" name="setup" finished-at="2026-05-12T18:31:33 IST" duration-ms="46390" status="PASS">
          <reporter-output>
          </reporter-output>
        </test-method> <!-- setup -->
        <test-method signature="verifyForgotPasswordSuccessfully()[pri:0, instance:tests.LoginTest@327514f]" started-at="2026-05-12T18:31:33 IST" name="verifyForgotPasswordSuccessfully" finished-at="2026-05-12T18:31:46 IST" duration-ms="13182" status="PASS">
          <reporter-output>
          </reporter-output>
        </test-method> <!-- verifyForgotPasswordSuccessfully -->
        <test-method is-config="true" signature="tearDown()[pri:0, instance:tests.LoginTest@327514f]" started-at="2026-05-12T18:31:46 IST" name="tearDown" finished-at="2026-05-12T18:31:47 IST" duration-ms="722" status="PASS">
          <reporter-output>
          </reporter-output>
        </test-method> <!-- tearDown -->
        <test-method is-config="true" signature="setup()[pri:0, instance:tests.LoginTest@327514f]" started-at="2026-05-12T18:31:47 IST" name="setup" finished-at="2026-05-12T18:32:22 IST" duration-ms="34638" status="PASS">
          <reporter-output>
          </reporter-output>
        </test-method> <!-- setup -->
        <test-method signature="verifyInvalidCredentialsLogin()[pri:0, instance:tests.LoginTest@327514f]" started-at="2026-05-12T18:32:22 IST" name="verifyInvalidCredentialsLogin" finished-at="2026-05-12T18:32:25 IST" duration-ms="2883" status="PASS">
          <reporter-output>
          </reporter-output>
        </test-method> <!-- verifyInvalidCredentialsLogin -->
        <test-method is-config="true" signature="tearDown()[pri:0, instance:tests.LoginTest@327514f]" started-at="2026-05-12T18:32:25 IST" name="tearDown" finished-at="2026-05-12T18:32:25 IST" duration-ms="490" status="PASS">
          <reporter-output>
          </reporter-output>
        </test-method> <!-- tearDown -->
        <test-method is-config="true" signature="setup()[pri:0, instance:tests.LoginTest@327514f]" started-at="2026-05-12T18:32:25 IST" name="setup" finished-at="2026-05-12T18:34:12 IST" duration-ms="106187" status="PASS">
          <reporter-output>
          </reporter-output>
        </test-method> <!-- setup -->
        <test-method signature="verifyInvalidPasswordLogin()[pri:0, instance:tests.LoginTest@327514f]" started-at="2026-05-12T18:34:12 IST" name="verifyInvalidPasswordLogin" finished-at="2026-05-12T18:34:14 IST" duration-ms="2654" status="PASS">
          <reporter-output>
          </reporter-output>
        </test-method> <!-- verifyInvalidPasswordLogin -->
        <test-method is-config="true" signature="tearDown()[pri:0, instance:tests.LoginTest@327514f]" started-at="2026-05-12T18:34:15 IST" name="tearDown" finished-at="2026-05-12T18:34:15 IST" duration-ms="453" status="PASS">
          <reporter-output>
          </reporter-output>
        </test-method> <!-- tearDown -->
        <test-method is-config="true" signature="setup()[pri:0, instance:tests.LoginTest@327514f]" started-at="2026-05-12T18:34:15 IST" name="setup" finished-at="2026-05-12T18:34:57 IST" duration-ms="42453" status="PASS">
          <reporter-output>
          </reporter-output>
        </test-method> <!-- setup -->
        <test-method signature="verifyInvalidUsernameLogin()[pri:0, instance:tests.LoginTest@327514f]" started-at="2026-05-12T18:34:57 IST" name="verifyInvalidUsernameLogin" finished-at="2026-05-12T18:35:00 IST" duration-ms="2909" status="PASS">
          <reporter-output>
          </reporter-output>
        </test-method> <!-- verifyInvalidUsernameLogin -->
        <test-method is-config="true" signature="tearDown()[pri:0, instance:tests.LoginTest@327514f]" started-at="2026-05-12T18:35:01 IST" name="tearDown" finished-at="2026-05-12T18:35:01 IST" duration-ms="607" status="PASS">
          <reporter-output>
          </reporter-output>
        </test-method> <!-- tearDown -->
        <test-method is-config="true" signature="setup()[pri:0, instance:tests.LoginTest@327514f]" started-at="2026-05-12T18:35:01 IST" name="setup" finished-at="2026-05-12T18:35:37 IST" duration-ms="35481" status="PASS">
          <reporter-output>
          </reporter-output>
        </test-method> <!-- setup -->
        <test-method signature="verifyLeadingSpacePasswordLogin()[pri:0, instance:tests.LoginTest@327514f]" started-at="2026-05-12T18:35:37 IST" name="verifyLeadingSpacePasswordLogin" finished-at="2026-05-12T18:35:39 IST" duration-ms="2687" status="PASS">
          <reporter-output>
          </reporter-output>
        </test-method> <!-- verifyLeadingSpacePasswordLogin -->
        <test-method is-config="true" signature="tearDown()[pri:0, instance:tests.LoginTest@327514f]" started-at="2026-05-12T18:35:40 IST" name="tearDown" finished-at="2026-05-12T18:35:40 IST" duration-ms="398" status="PASS">
          <reporter-output>
          </reporter-output>
        </test-method> <!-- tearDown -->
        <test-method is-config="true" signature="setup()[pri:0, instance:tests.LoginTest@327514f]" started-at="2026-05-12T18:35:40 IST" name="setup" finished-at="2026-05-12T18:36:10 IST" duration-ms="29611" status="PASS">
          <reporter-output>
          </reporter-output>
        </test-method> <!-- setup -->
        <test-method signature="verifyLeadingSpaceUsernameLogin()[pri:0, instance:tests.LoginTest@327514f]" started-at="2026-05-12T18:36:10 IST" name="verifyLeadingSpaceUsernameLogin" finished-at="2026-05-12T18:36:12 IST" duration-ms="2640" status="PASS">
          <reporter-output>
          </reporter-output>
        </test-method> <!-- verifyLeadingSpaceUsernameLogin -->
        <test-method is-config="true" signature="tearDown()[pri:0, instance:tests.LoginTest@327514f]" started-at="2026-05-12T18:36:12 IST" name="tearDown" finished-at="2026-05-12T18:36:13 IST" duration-ms="413" status="PASS">
          <reporter-output>
          </reporter-output>
        </test-method> <!-- tearDown -->
        <test-method is-config="true" signature="setup()[pri:0, instance:tests.LoginTest@327514f]" started-at="2026-05-12T18:36:13 IST" name="setup" finished-at="2026-05-12T18:37:54 IST" duration-ms="100709" status="PASS">
          <reporter-output>
          </reporter-output>
        </test-method> <!-- setup -->
        <test-method retried="true" signature="verifySpecialCharacterLogin()[pri:0, instance:tests.LoginTest@327514f]" started-at="2026-05-12T18:37:54 IST" name="verifySpecialCharacterLogin" finished-at="2026-05-12T18:38:54 IST" duration-ms="60135" status="SKIP">
          <exception class="org.openqa.selenium.TimeoutException">
            <message>
              <![CDATA[Expected condition failed: waiting for visibility of Proxy element for: DefaultElementLocator 'By.xpath: (//input[@class='MuiInputBase-input MuiInput-input'])[1]'
(tried for 30 seconds with 500 milliseconds interval)]]>
            </message>
            <full-stacktrace>
              <![CDATA[org.openqa.selenium.TimeoutException: Expected condition failed: waiting for visibility of Proxy element for: DefaultElementLocator 'By.xpath: (//input[@class='MuiInputBase-input MuiInput-input'])[1]'
(tried for 30 seconds with 500 milliseconds interval)
at org.openqa.selenium.support.ui.WebDriverWait.timeoutException(WebDriverWait.java:85)
at org.openqa.selenium.support.ui.FluentWait.until(FluentWait.java:234)
at utils.WaitUtils.visibilityOf(WaitUtils.java:22)
at tests.LoginTest.verifySpecialCharacterLogin(LoginTest.java:143)
at java.base/jdk.internal.reflect.DirectMethodHandleAccessor.invoke(DirectMethodHandleAccessor.java:103)
at java.base/java.lang.reflect.Method.invoke(Method.java:580)
at org.testng.internal.invokers.MethodInvocationHelper.invokeMethod(MethodInvocationHelper.java:141)
at org.testng.internal.invokers.TestInvoker.invokeMethod(TestInvoker.java:686)
at org.testng.internal.invokers.TestInvoker.invokeTestMethod(TestInvoker.java:230)
at org.testng.internal.invokers.MethodRunner.runInSequence(MethodRunner.java:63)
at org.testng.internal.invokers.TestInvoker$MethodInvocationAgent.invoke(TestInvoker.java:992)
at org.testng.internal.invokers.TestInvoker.invokeTestMethods(TestInvoker.java:203)
at org.testng.internal.invokers.TestMethodWorker.invokeTestMethods(TestMethodWorker.java:154)
at org.testng.internal.invokers.TestMethodWorker.run(TestMethodWorker.java:134)
at java.base/java.util.ArrayList.forEach(ArrayList.java:1596)
at org.testng.TestRunner.privateRun(TestRunner.java:739)
at org.testng.TestRunner.run(TestRunner.java:614)
at org.testng.SuiteRunner.runTest(SuiteRunner.java:421)
at org.testng.SuiteRunner.runSequentially(SuiteRunner.java:413)
at org.testng.SuiteRunner.privateRun(SuiteRunner.java:373)
at org.testng.SuiteRunner.run(SuiteRunner.java:312)
at org.testng.SuiteRunnerWorker.runSuite(SuiteRunnerWorker.java:52)
at org.testng.SuiteRunnerWorker.run(SuiteRunnerWorker.java:95)
at org.testng.TestNG.runSuitesSequentially(TestNG.java:1274)
at org.testng.TestNG.runSuitesLocally(TestNG.java:1208)
at org.testng.TestNG.runSuites(TestNG.java:1112)
at org.testng.TestNG.run(TestNG.java:1079)
at org.testng.remote.AbstractRemoteTestNG.run(AbstractRemoteTestNG.java:115)
at org.testng.remote.RemoteTestNG.initAndRun(RemoteTestNG.java:293)
at org.testng.remote.RemoteTestNG.main(RemoteTestNG.java:91)
Caused by: org.openqa.selenium.NoSuchElementException: no such element: Unable to locate element: {"method":"xpath","selector":"(//input[@class='MuiInputBase-input MuiInput-input'])[1]"}
  (Session info: chrome=148.0.7778.97)
For documentation on this error, please visit: https://www.selenium.dev/documentation/webdriver/troubleshooting/errors#nosuchelementexception
Build info: version: '4.42.0', revision: '74c7f0249a*'
System info: os.name: 'Windows 11', os.arch: 'amd64', os.version: '10.0', java.version: '21.0.5'
Driver info: org.openqa.selenium.chrome.ChromeDriver
Command: [fbf0c824c1b86efa3c5b0e92f3c59544, findElement {value=(//input[@class='MuiInputBase-input MuiInput-input'])[1], using=xpath}]
Capabilities {acceptInsecureCerts: false, browserName: chrome, browserVersion: 148.0.7778.97, chrome: {chromedriverVersion: 148.0.7778.97 (6b3fa66a923a..., userDataDir: C:\Users\Ashwin\AppData\Loc...}, fedcm:accounts: true, goog:chromeOptions: {debuggerAddress: localhost:55794}, goog:processID: 9680, networkConnectionEnabled: false, pageLoadStrategy: normal, platformName: windows, proxy: Proxy(), se:cdp: ws://localhost:55794/devtoo..., se:cdpVersion: 148.0.7778.97, setWindowRect: true, strictFileInteractability: false, timeouts: {implicit: 0, pageLoad: 300000, script: 30000}, unhandledPromptBehavior: dismiss and notify, webauthn:extension:credBlob: true, webauthn:extension:largeBlob: true, webauthn:extension:minPinLength: true, webauthn:extension:prf: true, webauthn:virtualAuthenticators: true}
Session ID: fbf0c824c1b86efa3c5b0e92f3c59544
at org.openqa.selenium.remote.ErrorCodec.decode(ErrorCodec.java:169)
at org.openqa.selenium.remote.codec.w3c.W3CHttpResponseCodec.decode(W3CHttpResponseCodec.java:142)
at org.openqa.selenium.remote.codec.w3c.W3CHttpResponseCodec.decode(W3CHttpResponseCodec.java:49)
at org.openqa.selenium.remote.HttpCommandExecutor.execute(HttpCommandExecutor.java:223)
at org.openqa.selenium.remote.service.DriverCommandExecutor.invokeExecute(DriverCommandExecutor.java:216)
at org.openqa.selenium.remote.service.DriverCommandExecutor.execute(DriverCommandExecutor.java:174)
at org.openqa.selenium.remote.RemoteWebDriver.execute(RemoteWebDriver.java:606)
at org.openqa.selenium.remote.ElementLocation$ElementFinder$2.findElement(ElementLocation.java:166)
at org.openqa.selenium.remote.ElementLocation.findElement(ElementLocation.java:60)
at org.openqa.selenium.remote.RemoteWebDriver.findElement(RemoteWebDriver.java:429)
at org.openqa.selenium.remote.RemoteWebDriver.findElement(RemoteWebDriver.java:423)
at org.openqa.selenium.support.pagefactory.DefaultElementLocator.findElement(DefaultElementLocator.java:68)
at org.openqa.selenium.support.pagefactory.internal.LocatingElementHandler.invoke(LocatingElementHandler.java:38)
at jdk.proxy2/jdk.proxy2.$Proxy14.isDisplayed(Unknown Source)
at org.openqa.selenium.support.ui.ExpectedConditions.elementIfVisible(ExpectedConditions.java:365)
at org.openqa.selenium.support.ui.ExpectedConditions$10.apply(ExpectedConditions.java:351)
at org.openqa.selenium.support.ui.ExpectedConditions$10.apply(ExpectedConditions.java:348)
at org.openqa.selenium.support.ui.FluentWait.until(FluentWait.java:210)
... 28 more
]]>
            </full-stacktrace>
          </exception> <!-- org.openqa.selenium.TimeoutException -->
          <reporter-output>
          </reporter-output>
        </test-method> <!-- verifySpecialCharacterLogin -->
        <test-method is-config="true" signature="tearDown()[pri:0, instance:tests.LoginTest@327514f]" started-at="2026-05-12T18:38:54 IST" name="tearDown" finished-at="2026-05-12T18:38:54 IST" duration-ms="508" status="PASS">
          <reporter-output>
          </reporter-output>
        </test-method> <!-- tearDown -->
        <test-method is-config="true" signature="setup()[pri:0, instance:tests.LoginTest@327514f]" started-at="2026-05-12T18:38:54 IST" name="setup" finished-at="2026-05-12T18:39:26 IST" duration-ms="31731" status="PASS">
          <reporter-output>
          </reporter-output>
        </test-method> <!-- setup -->
        <test-method signature="verifySpecialCharacterLogin()[pri:0, instance:tests.LoginTest@327514f]" started-at="2026-05-12T18:39:26 IST" name="verifySpecialCharacterLogin" finished-at="2026-05-12T18:39:30 IST" duration-ms="3841" status="PASS">
          <reporter-output>
          </reporter-output>
        </test-method> <!-- verifySpecialCharacterLogin -->
        <test-method is-config="true" signature="tearDown()[pri:0, instance:tests.LoginTest@327514f]" started-at="2026-05-12T18:39:30 IST" name="tearDown" finished-at="2026-05-12T18:39:30 IST" duration-ms="330" status="PASS">
          <reporter-output>
          </reporter-output>
        </test-method> <!-- tearDown -->
        <test-method is-config="true" signature="setup()[pri:0, instance:tests.LoginTest@327514f]" started-at="2026-05-12T18:39:30 IST" name="setup" finished-at="2026-05-12T18:40:01 IST" duration-ms="30786" status="PASS">
          <reporter-output>
          </reporter-output>
        </test-method> <!-- setup -->
        <test-method signature="verifyTrailingSpacePasswordLogin()[pri:0, instance:tests.LoginTest@327514f]" started-at="2026-05-12T18:40:01 IST" name="verifyTrailingSpacePasswordLogin" finished-at="2026-05-12T18:40:04 IST" duration-ms="2726" status="PASS">
          <reporter-output>
          </reporter-output>
        </test-method> <!-- verifyTrailingSpacePasswordLogin -->
        <test-method is-config="true" signature="tearDown()[pri:0, instance:tests.LoginTest@327514f]" started-at="2026-05-12T18:40:04 IST" name="tearDown" finished-at="2026-05-12T18:40:05 IST" duration-ms="454" status="PASS">
          <reporter-output>
          </reporter-output>
        </test-method> <!-- tearDown -->
        <test-method is-config="true" signature="setup()[pri:0, instance:tests.LoginTest@327514f]" started-at="2026-05-12T18:40:05 IST" name="setup" finished-at="2026-05-12T18:40:38 IST" duration-ms="33671" status="PASS">
          <reporter-output>
          </reporter-output>
        </test-method> <!-- setup -->
        <test-method signature="verifyTrailingSpaceUsernameLogin()[pri:0, instance:tests.LoginTest@327514f]" started-at="2026-05-12T18:40:38 IST" name="verifyTrailingSpaceUsernameLogin" finished-at="2026-05-12T18:40:41 IST" duration-ms="2580" status="PASS">
          <reporter-output>
          </reporter-output>
        </test-method> <!-- verifyTrailingSpaceUsernameLogin -->
        <test-method is-config="true" signature="tearDown()[pri:0, instance:tests.LoginTest@327514f]" started-at="2026-05-12T18:40:41 IST" name="tearDown" finished-at="2026-05-12T18:40:41 IST" duration-ms="423" status="PASS">
          <reporter-output>
          </reporter-output>
        </test-method> <!-- tearDown -->
        <test-method is-config="true" signature="setup()[pri:0, instance:tests.LoginTest@327514f]" started-at="2026-05-12T18:40:41 IST" name="setup" finished-at="2026-05-12T18:41:13 IST" duration-ms="31804" status="PASS">
          <reporter-output>
          </reporter-output>
        </test-method> <!-- setup -->
        <test-method signature="verifyValidLogin()[pri:0, instance:tests.LoginTest@327514f]" started-at="2026-05-12T18:41:13 IST" name="verifyValidLogin" finished-at="2026-05-12T18:41:18 IST" duration-ms="4488" status="PASS">
          <reporter-output>
          </reporter-output>
        </test-method> <!-- verifyValidLogin -->
        <test-method is-config="true" signature="tearDown()[pri:0, instance:tests.LoginTest@327514f]" started-at="2026-05-12T18:41:18 IST" name="tearDown" finished-at="2026-05-12T18:41:18 IST" duration-ms="373" status="PASS">
          <reporter-output>
          </reporter-output>
        </test-method> <!-- tearDown -->
      </class> <!-- tests.LoginTest -->
    </test> <!-- Default test -->
  </suite> <!-- Default suite -->
</testng-results>
