<?xml version="1.0" encoding="UTF-8"?>
<!-- Generated by org.testng.reporters.JUnitReportReporter -->
<testsuite hostname="LAPTOP-3VHJU490" failures="0" tests="14" name="tests.LoginTest" time="753.385" errors="0" timestamp="2026-05-12T18:41:18 IST" skipped="1">
  <testcase classname="tests.LoginTest" name="verifyBlankPasswordValidation" time="32.864"/>
  <testcase classname="tests.LoginTest" name="verifyBlankUsernameValidation" time="34.937"/>
  <testcase classname="tests.LoginTest" name="verifyInvalidCredentialsLogin" time="103.965"/>
  <testcase classname="tests.LoginTest" name="verifyLeadingSpacePasswordLogin" time="49.475"/>
  <testcase classname="tests.LoginTest" name="verifySpecialCharacterLogin" time="46.624"/>
  <testcase classname="tests.LoginTest" name="verifyValidLogin" time="35.764"/>
  <testcase classname="tests.LoginTest" name="verifyBlankCredentialsValidation" time="39.458"/>
  <testcase classname="tests.LoginTest" name="verifyForgotPasswordSuccessfully" time="54.286"/>
  <testcase classname="tests.LoginTest" name="verifyInvalidPasswordLogin" time="33.250"/>
  <testcase classname="tests.LoginTest" name="verifyTrailingSpacePasswordLogin" time="38.715"/>
  <testcase classname="tests.LoginTest" name="verifyInvalidUsernameLogin" time="37.960"/>
  <testcase classname="tests.LoginTest" name="verifyTrailingSpaceUsernameLogin" time="44.398"/>
  <testcase classname="tests.LoginTest" name="verifyLeadingSpaceUsernameLogin" time="34.760"/>
  <testcase classname="tests.LoginTest" name="verifySpecialCharacterLogin" time="166.929">
    <skipped/>
  </testcase> <!-- verifySpecialCharacterLogin -->
</testsuite> <!-- tests.LoginTest -->
